<?xml version="1.0" encoding="UTF-8"?>
<!-- Generated by org.testng.reporters.JUnitXMLReporter -->
<testsuite ignored="0" hostname="Prashant" failures="1" tests="4" name="Test" time="3.311" errors="0" timestamp="2025-06-30T16:31:29 EDT">
  <testcase classname="api.tests.TC230_StoreTest" name="testPostOrder" time="2.144"/>
  <testcase classname="api.tests.TC230_StoreTest" name="testGetOrder" time="0.166">
    <failure type="java.lang.AssertionError" message="GET order failed expected [200] but found [404]">
      <![CDATA[java.lang.AssertionError: GET order failed expected [200] but found [404]
at api.tests.TC230_StoreTest.testGetOrder(TC230_StoreTest.java:61)
at java.base/java.util.ArrayList.forEach(ArrayList.java:1604)
... Removed 35 stack frames]]>
    </failure>
  </testcase> <!-- testGetOrder -->
  <testcase classname="api.tests.TC230_StoreTest" name="testGetInventory" time="0.17"/>
  <testcase classname="api.tests.TC230_StoreTest" name="testDeleteOrder" time="0.152"/>
</testsuite> <!-- Test -->
