<?xml version="1.0" encoding="UTF-8"?>
<testng-results ignored="0" total="4" passed="4" failed="0" skipped="0">
  <reporter-output>
  </reporter-output>
  <suite started-at="2025-06-30T13:09:07 EDT" name="Default suite" finished-at="2025-06-30T13:09:10 EDT" duration-ms="3449">
    <groups>
    </groups>
    <test started-at="2025-06-30T13:09:07 EDT" name="Default test" finished-at="2025-06-30T13:09:10 EDT" duration-ms="3449">
      <class name="api.tests.TC230_StoreTests">
        <test-method is-config="true" signature="setup()[pri:0, instance:api.tests.TC230_StoreTests@185a6e9]" started-at="2025-06-30T13:09:07 EDT" name="setup" finished-at="2025-06-30T13:09:07 EDT" duration-ms="532" status="PASS">
          <reporter-output>
          </reporter-output>
        </test-method> <!-- setup -->
        <test-method signature="testPostOrder()[pri:1, instance:api.tests.TC230_StoreTests@185a6e9]" started-at="2025-06-30T13:09:07 EDT" name="testPostOrder" finished-at="2025-06-30T13:09:10 EDT" duration-ms="2373" status="PASS">
          <reporter-output>
          </reporter-output>
        </test-method> <!-- testPostOrder -->
        <test-method signature="testGetOrder()[pri:2, instance:api.tests.TC230_StoreTests@185a6e9]" started-at="2025-06-30T13:09:10 EDT" name="testGetOrder" finished-at="2025-06-30T13:09:10 EDT" depends-on-methods="api.tests.TC230_StoreTests.testPostOrder" duration-ms="181" status="PASS">
          <reporter-output>
          </reporter-output>
        </test-method> <!-- testGetOrder -->
        <test-method signature="testGetInventory()[pri:3, instance:api.tests.TC230_StoreTests@185a6e9]" started-at="2025-06-30T13:09:10 EDT" name="testGetInventory" finished-at="2025-06-30T13:09:10 EDT" duration-ms="158" status="PASS">
          <reporter-output>
          </reporter-output>
        </test-method> <!-- testGetInventory -->
        <test-method signature="testDeleteOrder()[pri:4, instance:api.tests.TC230_StoreTests@185a6e9]" started-at="2025-06-30T13:09:10 EDT" name="testDeleteOrder" finished-at="2025-06-30T13:09:10 EDT" duration-ms="145" status="PASS">
          <reporter-output>
          </reporter-output>
        </test-method> <!-- testDeleteOrder -->
      </class> <!-- api.tests.TC230_StoreTests -->
    </test> <!-- Default test -->
  </suite> <!-- Default suite -->
</testng-results>
